Analysis & Synthesis report for LCD_16X2
Wed Apr 14 19:37:05 2021
Quartus Prime Version 18.1.0 Build 625 09/12/2018 SJ Lite Edition


---------------------
; Table of Contents ;
---------------------
  1. Legal Notice
  2. Analysis & Synthesis Summary
  3. Analysis & Synthesis Settings
  4. Parallel Compilation
  5. Analysis & Synthesis Source Files Read
  6. Analysis & Synthesis Resource Usage Summary
  7. Analysis & Synthesis Resource Utilization by Entity
  8. State Machine - |calcu_main|estado
  9. State Machine - |calcu_main|keyboard_in:KB|state_reg
 10. State Machine - |calcu_main|lcd16x2_ctrl:DUT|op_state
 11. State Machine - |calcu_main|lcd16x2_ctrl:DUT|state
 12. User-Specified and Inferred Latches
 13. General Register Statistics
 14. Multiplexer Restructuring Statistics (Restructuring Performed)
 15. Source assignments for Top-level Entity: |calcu_main
 16. Parameter Settings for User Entity Instance: lcd16x2_ctrl:DUT
 17. Parameter Settings for User Entity Instance: clk_div:CLK10
 18. Port Connectivity Checks: "lcd16x2_ctrl:DUT"
 19. Post-Synthesis Netlist Statistics for Top Partition
 20. Elapsed Time Per Partition
 21. Analysis & Synthesis Messages



----------------
; Legal Notice ;
----------------
Copyright (C) 2018  Intel Corporation. All rights reserved.
Your use of Intel Corporation's design tools, logic functions 
and other software and tools, and its AMPP partner logic 
functions, and any output files from any of the foregoing 
(including device programming or simulation files), and any 
associated documentation or information are expressly subject 
to the terms and conditions of the Intel Program License 
Subscription Agreement, the Intel Quartus Prime License Agreement,
the Intel FPGA IP License Agreement, or other applicable license
agreement, including, without limitation, that your use is for
the sole purpose of programming logic devices manufactured by
Intel and sold by Intel or its authorized distributors.  Please
refer to the applicable agreement for further details.



+----------------------------------------------------------------------------------+
; Analysis & Synthesis Summary                                                     ;
+------------------------------------+---------------------------------------------+
; Analysis & Synthesis Status        ; Successful - Wed Apr 14 19:37:05 2021       ;
; Quartus Prime Version              ; 18.1.0 Build 625 09/12/2018 SJ Lite Edition ;
; Revision Name                      ; LCD_16X2                                    ;
; Top-level Entity Name              ; calcu_main                                  ;
; Family                             ; Cyclone IV E                                ;
; Total logic elements               ; 368                                         ;
;     Total combinational functions  ; 347                                         ;
;     Dedicated logic registers      ; 95                                          ;
; Total registers                    ; 95                                          ;
; Total pins                         ; 15                                          ;
; Total virtual pins                 ; 0                                           ;
; Total memory bits                  ; 0                                           ;
; Embedded Multiplier 9-bit elements ; 0                                           ;
; Total PLLs                         ; 0                                           ;
+------------------------------------+---------------------------------------------+


+------------------------------------------------------------------------------------------------------------+
; Analysis & Synthesis Settings                                                                              ;
+------------------------------------------------------------------+--------------------+--------------------+
; Option                                                           ; Setting            ; Default Value      ;
+------------------------------------------------------------------+--------------------+--------------------+
; Device                                                           ; EP4CE6E22C8        ;                    ;
; Top-level entity name                                            ; calcu_main         ; LCD_16X2           ;
; Family name                                                      ; Cyclone IV E       ; Cyclone V          ;
; Use smart compilation                                            ; Off                ; Off                ;
; Enable parallel Assembler and Timing Analyzer during compilation ; On                 ; On                 ;
; Enable compact report table                                      ; Off                ; Off                ;
; Restructure Multiplexers                                         ; Auto               ; Auto               ;
; Create Debugging Nodes for IP Cores                              ; Off                ; Off                ;
; Preserve fewer node names                                        ; On                 ; On                 ;
; Intel FPGA IP Evaluation Mode                                    ; Enable             ; Enable             ;
; Verilog Version                                                  ; Verilog_2001       ; Verilog_2001       ;
; VHDL Version                                                     ; VHDL_1993          ; VHDL_1993          ;
; State Machine Processing                                         ; Auto               ; Auto               ;
; Safe State Machine                                               ; Off                ; Off                ;
; Extract Verilog State Machines                                   ; On                 ; On                 ;
; Extract VHDL State Machines                                      ; On                 ; On                 ;
; Ignore Verilog initial constructs                                ; Off                ; Off                ;
; Iteration limit for constant Verilog loops                       ; 5000               ; 5000               ;
; Iteration limit for non-constant Verilog loops                   ; 250                ; 250                ;
; Add Pass-Through Logic to Inferred RAMs                          ; On                 ; On                 ;
; Infer RAMs from Raw Logic                                        ; On                 ; On                 ;
; Parallel Synthesis                                               ; On                 ; On                 ;
; DSP Block Balancing                                              ; Auto               ; Auto               ;
; NOT Gate Push-Back                                               ; On                 ; On                 ;
; Power-Up Don't Care                                              ; On                 ; On                 ;
; Remove Redundant Logic Cells                                     ; Off                ; Off                ;
; Remove Duplicate Registers                                       ; On                 ; On                 ;
; Ignore CARRY Buffers                                             ; Off                ; Off                ;
; Ignore CASCADE Buffers                                           ; Off                ; Off                ;
; Ignore GLOBAL Buffers                                            ; Off                ; Off                ;
; Ignore ROW GLOBAL Buffers                                        ; Off                ; Off                ;
; Ignore LCELL Buffers                                             ; Off                ; Off                ;
; Ignore SOFT Buffers                                              ; On                 ; On                 ;
; Limit AHDL Integers to 32 Bits                                   ; Off                ; Off                ;
; Optimization Technique                                           ; Balanced           ; Balanced           ;
; Carry Chain Length                                               ; 70                 ; 70                 ;
; Auto Carry Chains                                                ; On                 ; On                 ;
; Auto Open-Drain Pins                                             ; On                 ; On                 ;
; Perform WYSIWYG Primitive Resynthesis                            ; Off                ; Off                ;
; Auto ROM Replacement                                             ; On                 ; On                 ;
; Auto RAM Replacement                                             ; On                 ; On                 ;
; Auto DSP Block Replacement                                       ; On                 ; On                 ;
; Auto Shift Register Replacement                                  ; Auto               ; Auto               ;
; Allow Shift Register Merging across Hierarchies                  ; Auto               ; Auto               ;
; Auto Clock Enable Replacement                                    ; On                 ; On                 ;
; Strict RAM Replacement                                           ; Off                ; Off                ;
; Allow Synchronous Control Signals                                ; On                 ; On                 ;
; Force Use of Synchronous Clear Signals                           ; Off                ; Off                ;
; Auto RAM Block Balancing                                         ; On                 ; On                 ;
; Auto RAM to Logic Cell Conversion                                ; Off                ; Off                ;
; Auto Resource Sharing                                            ; Off                ; Off                ;
; Allow Any RAM Size For Recognition                               ; Off                ; Off                ;
; Allow Any ROM Size For Recognition                               ; Off                ; Off                ;
; Allow Any Shift Register Size For Recognition                    ; Off                ; Off                ;
; Use LogicLock Constraints during Resource Balancing              ; On                 ; On                 ;
; Ignore translate_off and synthesis_off directives                ; Off                ; Off                ;
; Timing-Driven Synthesis                                          ; On                 ; On                 ;
; Report Parameter Settings                                        ; On                 ; On                 ;
; Report Source Assignments                                        ; On                 ; On                 ;
; Report Connectivity Checks                                       ; On                 ; On                 ;
; Ignore Maximum Fan-Out Assignments                               ; Off                ; Off                ;
; Synchronization Register Chain Length                            ; 2                  ; 2                  ;
; Power Optimization During Synthesis                              ; Normal compilation ; Normal compilation ;
; HDL message level                                                ; Level2             ; Level2             ;
; Suppress Register Optimization Related Messages                  ; Off                ; Off                ;
; Number of Removed Registers Reported in Synthesis Report         ; 5000               ; 5000               ;
; Number of Swept Nodes Reported in Synthesis Report               ; 5000               ; 5000               ;
; Number of Inverted Registers Reported in Synthesis Report        ; 100                ; 100                ;
; Clock MUX Protection                                             ; On                 ; On                 ;
; Auto Gated Clock Conversion                                      ; Off                ; Off                ;
; Block Design Naming                                              ; Auto               ; Auto               ;
; SDC constraint protection                                        ; Off                ; Off                ;
; Synthesis Effort                                                 ; Auto               ; Auto               ;
; Shift Register Replacement - Allow Asynchronous Clear Signal     ; On                 ; On                 ;
; Pre-Mapping Resynthesis Optimization                             ; Off                ; Off                ;
; Analysis & Synthesis Message Level                               ; Medium             ; Medium             ;
; Disable Register Merging Across Hierarchies                      ; Auto               ; Auto               ;
; Resource Aware Inference For Block RAM                           ; On                 ; On                 ;
+------------------------------------------------------------------+--------------------+--------------------+


+------------------------------------------+
; Parallel Compilation                     ;
+----------------------------+-------------+
; Processors                 ; Number      ;
+----------------------------+-------------+
; Number detected on machine ; 12          ;
; Maximum allowed            ; 6           ;
;                            ;             ;
; Average used               ; 1.00        ;
; Maximum used               ; 6           ;
;                            ;             ;
; Usage by Processor         ; % Time Used ;
;     Processor 1            ; 100.0%      ;
;     Processors 2-6         ;   0.0%      ;
+----------------------------+-------------+


+------------------------------------------------------------------------------------------------------------------------------------------------------------------+
; Analysis & Synthesis Source Files Read                                                                                                                           ;
+----------------------------------+-----------------+-----------------+---------------------------------------------------------------------------------+---------+
; File Name with User-Entered Path ; Used in Netlist ; File Type       ; File Name with Absolute Path                                                    ; Library ;
+----------------------------------+-----------------+-----------------+---------------------------------------------------------------------------------+---------+
; clk_div.vhd                      ; yes             ; User VHDL File  ; D:/Programas/intelFPGA_lite/Projects_Cyclone_IV/Calculadora_V1/clk_div.vhd      ;         ;
; KeyToASCII.vhd                   ; yes             ; User VHDL File  ; D:/Programas/intelFPGA_lite/Projects_Cyclone_IV/Calculadora_V1/KeyToASCII.vhd   ;         ;
; lcd16x2_ctrl.vhd                 ; yes             ; User VHDL File  ; D:/Programas/intelFPGA_lite/Projects_Cyclone_IV/Calculadora_V1/lcd16x2_ctrl.vhd ;         ;
; calcu_main.vhd                   ; yes             ; User VHDL File  ; D:/Programas/intelFPGA_lite/Projects_Cyclone_IV/Calculadora_V1/calcu_main.vhd   ;         ;
; keyboard_in.vhd                  ; yes             ; User VHDL File  ; D:/Programas/intelFPGA_lite/Projects_Cyclone_IV/Calculadora_V1/keyboard_in.vhd  ;         ;
+----------------------------------+-----------------+-----------------+---------------------------------------------------------------------------------+---------+


+-----------------------------------------------------------+
; Analysis & Synthesis Resource Usage Summary               ;
+---------------------------------------------+-------------+
; Resource                                    ; Usage       ;
+---------------------------------------------+-------------+
; Estimated Total logic elements              ; 368         ;
;                                             ;             ;
; Total combinational functions               ; 347         ;
; Logic element usage by number of LUT inputs ;             ;
;     -- 4 input functions                    ; 205         ;
;     -- 3 input functions                    ; 65          ;
;     -- <=2 input functions                  ; 77          ;
;                                             ;             ;
; Logic elements by mode                      ;             ;
;     -- normal mode                          ; 305         ;
;     -- arithmetic mode                      ; 42          ;
;                                             ;             ;
; Total registers                             ; 95          ;
;     -- Dedicated logic registers            ; 95          ;
;     -- I/O registers                        ; 0           ;
;                                             ;             ;
; I/O pins                                    ; 15          ;
;                                             ;             ;
; Embedded Multiplier 9-bit elements          ; 0           ;
;                                             ;             ;
; Maximum fan-out node                        ; clk_i~input ;
; Maximum fan-out                             ; 91          ;
; Total fan-out                               ; 1475        ;
; Average fan-out                             ; 3.13        ;
+---------------------------------------------+-------------+


+----------------------------------------------------------------------------------------------------------------------------------------------------------------------------------------------------------------------------------+
; Analysis & Synthesis Resource Utilization by Entity                                                                                                                                                                              ;
+----------------------------+---------------------+---------------------------+-------------+--------------+---------+-----------+------+--------------+--------------------------------------------+--------------+--------------+
; Compilation Hierarchy Node ; Combinational ALUTs ; Dedicated Logic Registers ; Memory Bits ; DSP Elements ; DSP 9x9 ; DSP 18x18 ; Pins ; Virtual Pins ; Full Hierarchy Name                        ; Entity Name  ; Library Name ;
+----------------------------+---------------------+---------------------------+-------------+--------------+---------+-----------+------+--------------+--------------------------------------------+--------------+--------------+
; |calcu_main                ; 347 (37)            ; 95 (4)                    ; 0           ; 0            ; 0       ; 0         ; 15   ; 0            ; |calcu_main                                ; calcu_main   ; work         ;
;    |clk_div:CLK10|         ; 39 (39)             ; 24 (24)                   ; 0           ; 0            ; 0       ; 0         ; 0    ; 0            ; |calcu_main|clk_div:CLK10                  ; clk_div      ; work         ;
;    |keyboard_in:KB|        ; 58 (22)             ; 26 (26)                   ; 0           ; 0            ; 0       ; 0         ; 0    ; 0            ; |calcu_main|keyboard_in:KB                 ; keyboard_in  ; work         ;
;       |KeyToASCII:OUT1|    ; 36 (36)             ; 0 (0)                     ; 0           ; 0            ; 0       ; 0         ; 0    ; 0            ; |calcu_main|keyboard_in:KB|KeyToASCII:OUT1 ; KeyToASCII   ; work         ;
;    |lcd16x2_ctrl:DUT|      ; 213 (213)           ; 41 (41)                   ; 0           ; 0            ; 0       ; 0         ; 0    ; 0            ; |calcu_main|lcd16x2_ctrl:DUT               ; lcd16x2_ctrl ; work         ;
+----------------------------+---------------------+---------------------------+-------------+--------------+---------+-----------+------+--------------+--------------------------------------------+--------------+--------------+
Note: For table entries with two numbers listed, the numbers in parentheses indicate the number of resources of the given type used by the specific entity alone. The numbers listed outside of parentheses indicate the total resources of the given type used by the specific entity and all of its sub-entities in the hierarchy.


Encoding Type:  One-Hot
+-----------------------------------------------------------+
; State Machine - |calcu_main|estado                        ;
+-----------+-----------+-----------+-----------+-----------+
; Name      ; estado.S4 ; estado.S3 ; estado.S2 ; estado.S1 ;
+-----------+-----------+-----------+-----------+-----------+
; estado.S1 ; 0         ; 0         ; 0         ; 0         ;
; estado.S2 ; 0         ; 0         ; 1         ; 1         ;
; estado.S3 ; 0         ; 1         ; 0         ; 1         ;
; estado.S4 ; 1         ; 0         ; 0         ; 1         ;
+-----------+-----------+-----------+-----------+-----------+


Encoding Type:  One-Hot
+------------------------------------------------------------------+
; State Machine - |calcu_main|keyboard_in:KB|state_reg             ;
+----------------+----------------+---------------+----------------+
; Name           ; state_reg.load ; state_reg.dps ; state_reg.idle ;
+----------------+----------------+---------------+----------------+
; state_reg.idle ; 0              ; 0             ; 0              ;
; state_reg.dps  ; 0              ; 1             ; 1              ;
; state_reg.load ; 1              ; 0             ; 1              ;
+----------------+----------------+---------------+----------------+


Encoding Type:  One-Hot
+---------------------------------------------------------------------------------------------------------------------------------------------------------------------------------------------------------------------------------------------+
; State Machine - |calcu_main|lcd16x2_ctrl:DUT|op_state                                                                                                                                                                                       ;
+-----------------------+---------------+-----------------------+----------------------+-------------------+-----------------------+-----------------------+----------------------+-------------------+-----------------------+---------------+
; Name                  ; op_state.DONE ; op_state.WAIT_DELAY_L ; op_state.WAIT_HOLD_L ; op_state.ENABLE_L ; op_state.WAIT_SETUP_L ; op_state.WAIT_DELAY_H ; op_state.WAIT_HOLD_H ; op_state.ENABLE_H ; op_state.WAIT_SETUP_H ; op_state.IDLE ;
+-----------------------+---------------+-----------------------+----------------------+-------------------+-----------------------+-----------------------+----------------------+-------------------+-----------------------+---------------+
; op_state.IDLE         ; 0             ; 0                     ; 0                    ; 0                 ; 0                     ; 0                     ; 0                    ; 0                 ; 0                     ; 0             ;
; op_state.WAIT_SETUP_H ; 0             ; 0                     ; 0                    ; 0                 ; 0                     ; 0                     ; 0                    ; 0                 ; 1                     ; 1             ;
; op_state.ENABLE_H     ; 0             ; 0                     ; 0                    ; 0                 ; 0                     ; 0                     ; 0                    ; 1                 ; 0                     ; 1             ;
; op_state.WAIT_HOLD_H  ; 0             ; 0                     ; 0                    ; 0                 ; 0                     ; 0                     ; 1                    ; 0                 ; 0                     ; 1             ;
; op_state.WAIT_DELAY_H ; 0             ; 0                     ; 0                    ; 0                 ; 0                     ; 1                     ; 0                    ; 0                 ; 0                     ; 1             ;
; op_state.WAIT_SETUP_L ; 0             ; 0                     ; 0                    ; 0                 ; 1                     ; 0                     ; 0                    ; 0                 ; 0                     ; 1             ;
; op_state.ENABLE_L     ; 0             ; 0                     ; 0                    ; 1                 ; 0                     ; 0                     ; 0                    ; 0                 ; 0                     ; 1             ;
; op_state.WAIT_HOLD_L  ; 0             ; 0                     ; 1                    ; 0                 ; 0                     ; 0                     ; 0                    ; 0                 ; 0                     ; 1             ;
; op_state.WAIT_DELAY_L ; 0             ; 1                     ; 0                    ; 0                 ; 0                     ; 0                     ; 0                    ; 0                 ; 0                     ; 1             ;
; op_state.DONE         ; 1             ; 0                     ; 0                    ; 0                 ; 0                     ; 0                     ; 0                    ; 0                 ; 0                     ; 1             ;
+-----------------------+---------------+-----------------------+----------------------+-------------------+-----------------------+-----------------------+----------------------+-------------------+-----------------------+---------------+


Encoding Type:  One-Hot
+-----------------------------------------------------------------------------------------------------------------------------------+
; State Machine - |calcu_main|lcd16x2_ctrl:DUT|state                                                                                ;
+--------------------+-------------------+--------------------+-------------------+--------------------+--------------+-------------+
; Name               ; state.WRITE_LINE2 ; state.SELECT_LINE2 ; state.WRITE_LINE1 ; state.SELECT_LINE1 ; state.CONFIG ; state.RESET ;
+--------------------+-------------------+--------------------+-------------------+--------------------+--------------+-------------+
; state.RESET        ; 0                 ; 0                  ; 0                 ; 0                  ; 0            ; 0           ;
; state.CONFIG       ; 0                 ; 0                  ; 0                 ; 0                  ; 1            ; 1           ;
; state.SELECT_LINE1 ; 0                 ; 0                  ; 0                 ; 1                  ; 0            ; 1           ;
; state.WRITE_LINE1  ; 0                 ; 0                  ; 1                 ; 0                  ; 0            ; 1           ;
; state.SELECT_LINE2 ; 0                 ; 1                  ; 0                 ; 0                  ; 0            ; 1           ;
; state.WRITE_LINE2  ; 1                 ; 0                  ; 0                 ; 0                  ; 0            ; 1           ;
+--------------------+-------------------+--------------------+-------------------+--------------------+--------------+-------------+


+----------------------------------------------------------------------------------------------------+
; User-Specified and Inferred Latches                                                                ;
+-----------------------------------------------------+---------------------+------------------------+
; Latch Name                                          ; Latch Enable Signal ; Free of Timing Hazards ;
+-----------------------------------------------------+---------------------+------------------------+
; operador[0]                                         ; Selector2           ; yes                    ;
; dato2[0]                                            ; Selector3           ; yes                    ;
; dato1[0]                                            ; dato1[6]            ; yes                    ;
; dato2[4]                                            ; Selector3           ; yes                    ;
; operador[4]                                         ; Selector2           ; yes                    ;
; dato1[4]                                            ; dato1[6]            ; yes                    ;
; dato2[1]                                            ; Selector3           ; yes                    ;
; operador[1]                                         ; Selector2           ; yes                    ;
; dato1[1]                                            ; dato1[6]            ; yes                    ;
; dato2[5]                                            ; Selector3           ; yes                    ;
; operador[5]                                         ; Selector2           ; yes                    ;
; dato1[5]                                            ; dato1[6]            ; yes                    ;
; dato2[2]                                            ; Selector3           ; yes                    ;
; operador[2]                                         ; Selector2           ; yes                    ;
; dato1[2]                                            ; dato1[6]            ; yes                    ;
; dato2[6]                                            ; Selector3           ; yes                    ;
; operador[6]                                         ; Selector2           ; yes                    ;
; dato1[6]                                            ; dato1[6]            ; yes                    ;
; operador[3]                                         ; Selector2           ; yes                    ;
; dato2[3]                                            ; Selector3           ; yes                    ;
; dato1[3]                                            ; dato1[6]            ; yes                    ;
; Number of user-specified and inferred latches = 21  ;                     ;                        ;
+-----------------------------------------------------+---------------------+------------------------+
Note: All latches listed above may not be present at the end of synthesis due to various synthesis optimizations.


+------------------------------------------------------+
; General Register Statistics                          ;
+----------------------------------------------+-------+
; Statistic                                    ; Value ;
+----------------------------------------------+-------+
; Total registers                              ; 95    ;
; Number of registers using Synchronous Clear  ; 1     ;
; Number of registers using Synchronous Load   ; 0     ;
; Number of registers using Asynchronous Clear ; 54    ;
; Number of registers using Asynchronous Load  ; 0     ;
; Number of registers using Clock Enable       ; 44    ;
; Number of registers using Preset             ; 0     ;
+----------------------------------------------+-------+


+-----------------------------------------------------------------------------------------------------------------------------------------------------+
; Multiplexer Restructuring Statistics (Restructuring Performed)                                                                                      ;
+--------------------+-----------+---------------+----------------------+------------------------+------------+---------------------------------------+
; Multiplexer Inputs ; Bus Width ; Baseline Area ; Area if Restructured ; Saving if Restructured ; Registered ; Example Multiplexer Output            ;
+--------------------+-----------+---------------+----------------------+------------------------+------------+---------------------------------------+
; 5:1                ; 10 bits   ; 30 LEs        ; 0 LEs                ; 30 LEs                 ; Yes        ; |calcu_main|keyboard_in:KB|b_reg[4]   ;
; 5:1                ; 4 bits    ; 12 LEs        ; 4 LEs                ; 8 LEs                  ; Yes        ; |calcu_main|keyboard_in:KB|n_reg[1]   ;
; 4:1                ; 2 bits    ; 4 LEs         ; 4 LEs                ; 0 LEs                  ; Yes        ; |calcu_main|lcd16x2_ctrl:DUT|ptr[1]   ;
; 5:1                ; 3 bits    ; 9 LEs         ; 6 LEs                ; 3 LEs                  ; Yes        ; |calcu_main|lcd16x2_ctrl:DUT|cnt[14]  ;
; 5:1                ; 2 bits    ; 6 LEs         ; 4 LEs                ; 2 LEs                  ; Yes        ; |calcu_main|lcd16x2_ctrl:DUT|cnt[13]  ;
; 7:1                ; 5 bits    ; 20 LEs        ; 10 LEs               ; 10 LEs                 ; Yes        ; |calcu_main|lcd16x2_ctrl:DUT|cnt[10]  ;
; 3:1                ; 7 bits    ; 14 LEs        ; 14 LEs               ; 0 LEs                  ; No         ; |calcu_main|lcd16x2_ctrl:DUT|op_state ;
+--------------------+-----------+---------------+----------------------+------------------------+------------+---------------------------------------+


+------------------------------------------------------+
; Source assignments for Top-level Entity: |calcu_main ;
+------------+---------+------+------------------------+
; Assignment ; Value   ; From ; To                     ;
+------------+---------+------+------------------------+
; LOCATION   ; Pin_68  ; -    ; lcd_db[7]              ;
; LOCATION   ; Pin_66  ; -    ; lcd_db[6]              ;
; LOCATION   ; Pin_64  ; -    ; lcd_db[5]              ;
; LOCATION   ; Pin_59  ; -    ; lcd_db[4]              ;
; LOCATION   ; Pin_23  ; -    ; clk_i                  ;
; LOCATION   ; Pin_44  ; -    ; lcd_e                  ;
; LOCATION   ; Pin_38  ; -    ; lcd_rs                 ;
; LOCATION   ; Pin_42  ; -    ; lcd_rw                 ;
; LOCATION   ; Pin_25  ; -    ; reset                  ;
; LOCATION   ; Pin_120 ; -    ; ps2d                   ;
; LOCATION   ; Pin_119 ; -    ; ps2c                   ;
; LOCATION   ; Pin_91  ; -    ; rx_en                  ;
; LOCATION   ; Pin_84  ; -    ; rx_done_tick           ;
; LOCATION   ; Pin_110 ; -    ; beep                   ;
; LOCATION   ; Pin_88  ; -    ; step                   ;
+------------+---------+------+------------------------+


+---------------------------------------------------------------+
; Parameter Settings for User Entity Instance: lcd16x2_ctrl:DUT ;
+----------------+-------+--------------------------------------+
; Parameter Name ; Value ; Type                                 ;
+----------------+-------+--------------------------------------+
; clk_period_ns  ; 10    ; Signed Integer                       ;
+----------------+-------+--------------------------------------+
Note: In order to hide this table in the UI and the text report file, please set the "Show Parameter Settings in Synthesis Report" option in "Analysis and Synthesis Settings -> More Settings" to "Off".


+------------------------------------------------------------+
; Parameter Settings for User Entity Instance: clk_div:CLK10 ;
+----------------+----------+--------------------------------+
; Parameter Name ; Value    ; Type                           ;
+----------------+----------+--------------------------------+
; divider        ; 10000000 ; Signed Integer                 ;
+----------------+----------+--------------------------------+
Note: In order to hide this table in the UI and the text report file, please set the "Show Parameter Settings in Synthesis Report" option in "Analysis and Synthesis Settings -> More Settings" to "Off".


+----------------------------------------------------------+
; Port Connectivity Checks: "lcd16x2_ctrl:DUT"             ;
+------------------------+-------+----------+--------------+
; Port                   ; Type  ; Severity ; Details      ;
+------------------------+-------+----------+--------------+
; rst                    ; Input ; Info     ; Stuck at GND ;
; line1_buffer[118..117] ; Input ; Info     ; Stuck at VCC ;
; line1_buffer[110..109] ; Input ; Info     ; Stuck at VCC ;
; line1_buffer[86..85]   ; Input ; Info     ; Stuck at VCC ;
; line1_buffer[9..8]     ; Input ; Info     ; Stuck at VCC ;
; line1_buffer[5..4]     ; Input ; Info     ; Stuck at VCC ;
; line1_buffer[123..122] ; Input ; Info     ; Stuck at GND ;
; line1_buffer[80..79]   ; Input ; Info     ; Stuck at GND ;
; line1_buffer[31..30]   ; Input ; Info     ; Stuck at GND ;
; line1_buffer[23..22]   ; Input ; Info     ; Stuck at GND ;
; line1_buffer[20..15]   ; Input ; Info     ; Stuck at GND ;
; line1_buffer[11..10]   ; Input ; Info     ; Stuck at GND ;
; line1_buffer[7..6]     ; Input ; Info     ; Stuck at GND ;
; line1_buffer[127]      ; Input ; Info     ; Stuck at GND ;
; line1_buffer[126]      ; Input ; Info     ; Stuck at VCC ;
; line1_buffer[125]      ; Input ; Info     ; Stuck at GND ;
; line1_buffer[124]      ; Input ; Info     ; Stuck at VCC ;
; line1_buffer[119]      ; Input ; Info     ; Stuck at GND ;
; line1_buffer[115]      ; Input ; Info     ; Stuck at GND ;
; line1_buffer[111]      ; Input ; Info     ; Stuck at GND ;
; line1_buffer[103]      ; Input ; Info     ; Stuck at GND ;
; line1_buffer[101]      ; Input ; Info     ; Stuck at VCC ;
; line1_buffer[97]       ; Input ; Info     ; Stuck at GND ;
; line1_buffer[95]       ; Input ; Info     ; Stuck at GND ;
; line1_buffer[94]       ; Input ; Info     ; Stuck at VCC ;
; line1_buffer[92]       ; Input ; Info     ; Stuck at GND ;
; line1_buffer[90]       ; Input ; Info     ; Stuck at VCC ;
; line1_buffer[87]       ; Input ; Info     ; Stuck at GND ;
; line1_buffer[83]       ; Input ; Info     ; Stuck at GND ;
; line1_buffer[77]       ; Input ; Info     ; Stuck at VCC ;
; line1_buffer[71]       ; Input ; Info     ; Stuck at GND ;
; line1_buffer[69]       ; Input ; Info     ; Stuck at VCC ;
; line1_buffer[68]       ; Input ; Info     ; Stuck at GND ;
; line1_buffer[63]       ; Input ; Info     ; Stuck at GND ;
; line1_buffer[61]       ; Input ; Info     ; Stuck at VCC ;
; line1_buffer[60]       ; Input ; Info     ; Stuck at GND ;
; line1_buffer[55]       ; Input ; Info     ; Stuck at GND ;
; line1_buffer[53]       ; Input ; Info     ; Stuck at VCC ;
; line1_buffer[47]       ; Input ; Info     ; Stuck at GND ;
; line1_buffer[45]       ; Input ; Info     ; Stuck at VCC ;
; line1_buffer[39]       ; Input ; Info     ; Stuck at GND ;
; line1_buffer[37]       ; Input ; Info     ; Stuck at VCC ;
; line1_buffer[29]       ; Input ; Info     ; Stuck at VCC ;
; line1_buffer[21]       ; Input ; Info     ; Stuck at VCC ;
; line1_buffer[14]       ; Input ; Info     ; Stuck at VCC ;
; line1_buffer[13]       ; Input ; Info     ; Stuck at GND ;
; line1_buffer[12]       ; Input ; Info     ; Stuck at VCC ;
; line1_buffer[3]        ; Input ; Info     ; Stuck at GND ;
; line2_buffer[119..118] ; Input ; Info     ; Stuck at GND ;
; line2_buffer[116..112] ; Input ; Info     ; Stuck at GND ;
; line2_buffer[103..102] ; Input ; Info     ; Stuck at GND ;
; line2_buffer[100..96]  ; Input ; Info     ; Stuck at GND ;
; line2_buffer[87..86]   ; Input ; Info     ; Stuck at GND ;
; line2_buffer[84..78]   ; Input ; Info     ; Stuck at GND ;
; line2_buffer[71..70]   ; Input ; Info     ; Stuck at GND ;
; line2_buffer[68..62]   ; Input ; Info     ; Stuck at GND ;
; line2_buffer[60..54]   ; Input ; Info     ; Stuck at GND ;
; line2_buffer[52..46]   ; Input ; Info     ; Stuck at GND ;
; line2_buffer[44..38]   ; Input ; Info     ; Stuck at GND ;
; line2_buffer[36..30]   ; Input ; Info     ; Stuck at GND ;
; line2_buffer[28..22]   ; Input ; Info     ; Stuck at GND ;
; line2_buffer[20..15]   ; Input ; Info     ; Stuck at GND ;
; line2_buffer[117]      ; Input ; Info     ; Stuck at VCC ;
; line2_buffer[101]      ; Input ; Info     ; Stuck at VCC ;
; line2_buffer[85]       ; Input ; Info     ; Stuck at VCC ;
; line2_buffer[77]       ; Input ; Info     ; Stuck at VCC ;
; line2_buffer[73]       ; Input ; Info     ; Stuck at GND ;
; line2_buffer[69]       ; Input ; Info     ; Stuck at VCC ;
; line2_buffer[61]       ; Input ; Info     ; Stuck at VCC ;
; line2_buffer[53]       ; Input ; Info     ; Stuck at VCC ;
; line2_buffer[45]       ; Input ; Info     ; Stuck at VCC ;
; line2_buffer[37]       ; Input ; Info     ; Stuck at VCC ;
; line2_buffer[29]       ; Input ; Info     ; Stuck at VCC ;
; line2_buffer[21]       ; Input ; Info     ; Stuck at VCC ;
; line2_buffer[12]       ; Input ; Info     ; Stuck at GND ;
; line2_buffer[10]       ; Input ; Info     ; Stuck at GND ;
+------------------------+-------+----------+--------------+


+-----------------------------------------------------+
; Post-Synthesis Netlist Statistics for Top Partition ;
+-----------------------+-----------------------------+
; Type                  ; Count                       ;
+-----------------------+-----------------------------+
; boundary_port         ; 15                          ;
; cycloneiii_ff         ; 95                          ;
;     CLR               ; 40                          ;
;     ENA               ; 30                          ;
;     ENA CLR           ; 14                          ;
;     SCLR              ; 1                           ;
;     plain             ; 10                          ;
; cycloneiii_lcell_comb ; 351                         ;
;     arith             ; 42                          ;
;         2 data inputs ; 42                          ;
;     normal            ; 309                         ;
;         0 data inputs ; 2                           ;
;         1 data inputs ; 6                           ;
;         2 data inputs ; 31                          ;
;         3 data inputs ; 65                          ;
;         4 data inputs ; 205                         ;
;                       ;                             ;
; Max LUT depth         ; 7.00                        ;
; Average LUT depth     ; 4.43                        ;
+-----------------------+-----------------------------+


+-------------------------------+
; Elapsed Time Per Partition    ;
+----------------+--------------+
; Partition Name ; Elapsed Time ;
+----------------+--------------+
; Top            ; 00:00:01     ;
+----------------+--------------+


+-------------------------------+
; Analysis & Synthesis Messages ;
+-------------------------------+
Info: *******************************************************************
Info: Running Quartus Prime Analysis & Synthesis
    Info: Version 18.1.0 Build 625 09/12/2018 SJ Lite Edition
    Info: Processing started: Wed Apr 14 19:36:54 2021
Info: Command: quartus_map --read_settings_files=on --write_settings_files=off LCD_16X2 -c LCD_16X2
Warning (18236): Number of processors has not been specified which may cause overloading on shared machines.  Set the global assignment NUM_PARALLEL_PROCESSORS in your QSF to an appropriate value for best performance.
Info (20030): Parallel compilation is enabled and will use 6 of the 6 processors detected
Info (12021): Found 3 design units, including 1 entities, in source file clk_div.vhd
    Info (12022): Found design unit 1: clk_div-behavioral File: D:/Programas/intelFPGA_lite/Projects_Cyclone_IV/Calculadora_V1/clk_div.vhd Line: 9
    Info (12022): Found design unit 2: clk_div_package File: D:/Programas/intelFPGA_lite/Projects_Cyclone_IV/Calculadora_V1/clk_div.vhd Line: 33
    Info (12023): Found entity 1: clk_div File: D:/Programas/intelFPGA_lite/Projects_Cyclone_IV/Calculadora_V1/clk_div.vhd Line: 3
Info (12021): Found 3 design units, including 1 entities, in source file keytoascii.vhd
    Info (12022): Found design unit 1: KeyToASCII-arch File: D:/Programas/intelFPGA_lite/Projects_Cyclone_IV/Calculadora_V1/KeyToASCII.vhd Line: 10
    Info (12022): Found design unit 2: KeyToASCII_package File: D:/Programas/intelFPGA_lite/Projects_Cyclone_IV/Calculadora_V1/KeyToASCII.vhd Line: 40
    Info (12023): Found entity 1: KeyToASCII File: D:/Programas/intelFPGA_lite/Projects_Cyclone_IV/Calculadora_V1/KeyToASCII.vhd Line: 5
Info (12021): Found 2 design units, including 1 entities, in source file lcd16x2_ctrl.vhd
    Info (12022): Found design unit 1: lcd16x2_ctrl-rtl File: D:/Programas/intelFPGA_lite/Projects_Cyclone_IV/Calculadora_V1/lcd16x2_ctrl.vhd Line: 44
    Info (12023): Found entity 1: lcd16x2_ctrl File: D:/Programas/intelFPGA_lite/Projects_Cyclone_IV/Calculadora_V1/lcd16x2_ctrl.vhd Line: 27
Info (12021): Found 2 design units, including 1 entities, in source file calcu_main.vhd
    Info (12022): Found design unit 1: calcu_main-behavior File: D:/Programas/intelFPGA_lite/Projects_Cyclone_IV/Calculadora_V1/calcu_main.vhd Line: 25
    Info (12023): Found entity 1: calcu_main File: D:/Programas/intelFPGA_lite/Projects_Cyclone_IV/Calculadora_V1/calcu_main.vhd Line: 7
Info (12021): Found 3 design units, including 1 entities, in source file keyboard_in.vhd
    Info (12022): Found design unit 1: keyboard_in-arch File: D:/Programas/intelFPGA_lite/Projects_Cyclone_IV/Calculadora_V1/keyboard_in.vhd Line: 17
    Info (12022): Found design unit 2: keyboard_in_package File: D:/Programas/intelFPGA_lite/Projects_Cyclone_IV/Calculadora_V1/keyboard_in.vhd Line: 100
    Info (12023): Found entity 1: keyboard_in File: D:/Programas/intelFPGA_lite/Projects_Cyclone_IV/Calculadora_V1/keyboard_in.vhd Line: 7
Info (12127): Elaborating entity "calcu_main" for the top level hierarchy
Warning (10541): VHDL Signal Declaration warning at calcu_main.vhd(61): used implicit default value for signal "solucion" because signal was never assigned a value or an explicit default value. Use of implicit default value may introduce unintended design optimizations. File: D:/Programas/intelFPGA_lite/Projects_Cyclone_IV/Calculadora_V1/calcu_main.vhd Line: 61
Warning (10492): VHDL Process Statement warning at calcu_main.vhd(97): signal "reset" is read inside the Process Statement but isn't in the Process Statement's sensitivity list File: D:/Programas/intelFPGA_lite/Projects_Cyclone_IV/Calculadora_V1/calcu_main.vhd Line: 97
Warning (10492): VHDL Process Statement warning at calcu_main.vhd(110): signal "key_out" is read inside the Process Statement but isn't in the Process Statement's sensitivity list File: D:/Programas/intelFPGA_lite/Projects_Cyclone_IV/Calculadora_V1/calcu_main.vhd Line: 110
Warning (10492): VHDL Process Statement warning at calcu_main.vhd(133): signal "dato1" is read inside the Process Statement but isn't in the Process Statement's sensitivity list File: D:/Programas/intelFPGA_lite/Projects_Cyclone_IV/Calculadora_V1/calcu_main.vhd Line: 133
Warning (10492): VHDL Process Statement warning at calcu_main.vhd(148): signal "key_out" is read inside the Process Statement but isn't in the Process Statement's sensitivity list File: D:/Programas/intelFPGA_lite/Projects_Cyclone_IV/Calculadora_V1/calcu_main.vhd Line: 148
Warning (10492): VHDL Process Statement warning at calcu_main.vhd(150): signal "line1" is read inside the Process Statement but isn't in the Process Statement's sensitivity list File: D:/Programas/intelFPGA_lite/Projects_Cyclone_IV/Calculadora_V1/calcu_main.vhd Line: 150
Warning (10492): VHDL Process Statement warning at calcu_main.vhd(151): signal "line2" is read inside the Process Statement but isn't in the Process Statement's sensitivity list File: D:/Programas/intelFPGA_lite/Projects_Cyclone_IV/Calculadora_V1/calcu_main.vhd Line: 151
Warning (10492): VHDL Process Statement warning at calcu_main.vhd(156): signal "key_out" is read inside the Process Statement but isn't in the Process Statement's sensitivity list File: D:/Programas/intelFPGA_lite/Projects_Cyclone_IV/Calculadora_V1/calcu_main.vhd Line: 156
Warning (10492): VHDL Process Statement warning at calcu_main.vhd(179): signal "dato1" is read inside the Process Statement but isn't in the Process Statement's sensitivity list File: D:/Programas/intelFPGA_lite/Projects_Cyclone_IV/Calculadora_V1/calcu_main.vhd Line: 179
Warning (10492): VHDL Process Statement warning at calcu_main.vhd(181): signal "operador" is read inside the Process Statement but isn't in the Process Statement's sensitivity list File: D:/Programas/intelFPGA_lite/Projects_Cyclone_IV/Calculadora_V1/calcu_main.vhd Line: 181
Warning (10492): VHDL Process Statement warning at calcu_main.vhd(194): signal "key_out" is read inside the Process Statement but isn't in the Process Statement's sensitivity list File: D:/Programas/intelFPGA_lite/Projects_Cyclone_IV/Calculadora_V1/calcu_main.vhd Line: 194
Warning (10492): VHDL Process Statement warning at calcu_main.vhd(196): signal "line1" is read inside the Process Statement but isn't in the Process Statement's sensitivity list File: D:/Programas/intelFPGA_lite/Projects_Cyclone_IV/Calculadora_V1/calcu_main.vhd Line: 196
Warning (10492): VHDL Process Statement warning at calcu_main.vhd(197): signal "line2" is read inside the Process Statement but isn't in the Process Statement's sensitivity list File: D:/Programas/intelFPGA_lite/Projects_Cyclone_IV/Calculadora_V1/calcu_main.vhd Line: 197
Warning (10492): VHDL Process Statement warning at calcu_main.vhd(202): signal "key_out" is read inside the Process Statement but isn't in the Process Statement's sensitivity list File: D:/Programas/intelFPGA_lite/Projects_Cyclone_IV/Calculadora_V1/calcu_main.vhd Line: 202
Warning (10492): VHDL Process Statement warning at calcu_main.vhd(225): signal "dato1" is read inside the Process Statement but isn't in the Process Statement's sensitivity list File: D:/Programas/intelFPGA_lite/Projects_Cyclone_IV/Calculadora_V1/calcu_main.vhd Line: 225
Warning (10492): VHDL Process Statement warning at calcu_main.vhd(227): signal "operador" is read inside the Process Statement but isn't in the Process Statement's sensitivity list File: D:/Programas/intelFPGA_lite/Projects_Cyclone_IV/Calculadora_V1/calcu_main.vhd Line: 227
Warning (10492): VHDL Process Statement warning at calcu_main.vhd(229): signal "dato2" is read inside the Process Statement but isn't in the Process Statement's sensitivity list File: D:/Programas/intelFPGA_lite/Projects_Cyclone_IV/Calculadora_V1/calcu_main.vhd Line: 229
Warning (10492): VHDL Process Statement warning at calcu_main.vhd(240): signal "key_out" is read inside the Process Statement but isn't in the Process Statement's sensitivity list File: D:/Programas/intelFPGA_lite/Projects_Cyclone_IV/Calculadora_V1/calcu_main.vhd Line: 240
Warning (10492): VHDL Process Statement warning at calcu_main.vhd(243): signal "line1" is read inside the Process Statement but isn't in the Process Statement's sensitivity list File: D:/Programas/intelFPGA_lite/Projects_Cyclone_IV/Calculadora_V1/calcu_main.vhd Line: 243
Warning (10492): VHDL Process Statement warning at calcu_main.vhd(244): signal "line2" is read inside the Process Statement but isn't in the Process Statement's sensitivity list File: D:/Programas/intelFPGA_lite/Projects_Cyclone_IV/Calculadora_V1/calcu_main.vhd Line: 244
Warning (10492): VHDL Process Statement warning at calcu_main.vhd(271): signal "dato1" is read inside the Process Statement but isn't in the Process Statement's sensitivity list File: D:/Programas/intelFPGA_lite/Projects_Cyclone_IV/Calculadora_V1/calcu_main.vhd Line: 271
Warning (10492): VHDL Process Statement warning at calcu_main.vhd(273): signal "operador" is read inside the Process Statement but isn't in the Process Statement's sensitivity list File: D:/Programas/intelFPGA_lite/Projects_Cyclone_IV/Calculadora_V1/calcu_main.vhd Line: 273
Warning (10492): VHDL Process Statement warning at calcu_main.vhd(275): signal "dato2" is read inside the Process Statement but isn't in the Process Statement's sensitivity list File: D:/Programas/intelFPGA_lite/Projects_Cyclone_IV/Calculadora_V1/calcu_main.vhd Line: 275
Warning (10492): VHDL Process Statement warning at calcu_main.vhd(279): signal "solucion" is read inside the Process Statement but isn't in the Process Statement's sensitivity list File: D:/Programas/intelFPGA_lite/Projects_Cyclone_IV/Calculadora_V1/calcu_main.vhd Line: 279
Warning (10492): VHDL Process Statement warning at calcu_main.vhd(289): signal "line1" is read inside the Process Statement but isn't in the Process Statement's sensitivity list File: D:/Programas/intelFPGA_lite/Projects_Cyclone_IV/Calculadora_V1/calcu_main.vhd Line: 289
Warning (10492): VHDL Process Statement warning at calcu_main.vhd(290): signal "line2" is read inside the Process Statement but isn't in the Process Statement's sensitivity list File: D:/Programas/intelFPGA_lite/Projects_Cyclone_IV/Calculadora_V1/calcu_main.vhd Line: 290
Warning (10492): VHDL Process Statement warning at calcu_main.vhd(326): signal "key_out" is read inside the Process Statement but isn't in the Process Statement's sensitivity list File: D:/Programas/intelFPGA_lite/Projects_Cyclone_IV/Calculadora_V1/calcu_main.vhd Line: 326
Warning (10631): VHDL Process Statement warning at calcu_main.vhd(104): inferring latch(es) for signal or variable "dato1", which holds its previous value in one or more paths through the process File: D:/Programas/intelFPGA_lite/Projects_Cyclone_IV/Calculadora_V1/calcu_main.vhd Line: 104
Warning (10631): VHDL Process Statement warning at calcu_main.vhd(104): inferring latch(es) for signal or variable "operador", which holds its previous value in one or more paths through the process File: D:/Programas/intelFPGA_lite/Projects_Cyclone_IV/Calculadora_V1/calcu_main.vhd Line: 104
Warning (10631): VHDL Process Statement warning at calcu_main.vhd(104): inferring latch(es) for signal or variable "dato2", which holds its previous value in one or more paths through the process File: D:/Programas/intelFPGA_lite/Projects_Cyclone_IV/Calculadora_V1/calcu_main.vhd Line: 104
Info (10041): Inferred latch for "dato2[0]" at calcu_main.vhd(104) File: D:/Programas/intelFPGA_lite/Projects_Cyclone_IV/Calculadora_V1/calcu_main.vhd Line: 104
Info (10041): Inferred latch for "dato2[1]" at calcu_main.vhd(104) File: D:/Programas/intelFPGA_lite/Projects_Cyclone_IV/Calculadora_V1/calcu_main.vhd Line: 104
Info (10041): Inferred latch for "dato2[2]" at calcu_main.vhd(104) File: D:/Programas/intelFPGA_lite/Projects_Cyclone_IV/Calculadora_V1/calcu_main.vhd Line: 104
Info (10041): Inferred latch for "dato2[3]" at calcu_main.vhd(104) File: D:/Programas/intelFPGA_lite/Projects_Cyclone_IV/Calculadora_V1/calcu_main.vhd Line: 104
Info (10041): Inferred latch for "dato2[4]" at calcu_main.vhd(104) File: D:/Programas/intelFPGA_lite/Projects_Cyclone_IV/Calculadora_V1/calcu_main.vhd Line: 104
Info (10041): Inferred latch for "dato2[5]" at calcu_main.vhd(104) File: D:/Programas/intelFPGA_lite/Projects_Cyclone_IV/Calculadora_V1/calcu_main.vhd Line: 104
Info (10041): Inferred latch for "dato2[6]" at calcu_main.vhd(104) File: D:/Programas/intelFPGA_lite/Projects_Cyclone_IV/Calculadora_V1/calcu_main.vhd Line: 104
Info (10041): Inferred latch for "dato2[7]" at calcu_main.vhd(104) File: D:/Programas/intelFPGA_lite/Projects_Cyclone_IV/Calculadora_V1/calcu_main.vhd Line: 104
Info (10041): Inferred latch for "operador[0]" at calcu_main.vhd(104) File: D:/Programas/intelFPGA_lite/Projects_Cyclone_IV/Calculadora_V1/calcu_main.vhd Line: 104
Info (10041): Inferred latch for "operador[1]" at calcu_main.vhd(104) File: D:/Programas/intelFPGA_lite/Projects_Cyclone_IV/Calculadora_V1/calcu_main.vhd Line: 104
Info (10041): Inferred latch for "operador[2]" at calcu_main.vhd(104) File: D:/Programas/intelFPGA_lite/Projects_Cyclone_IV/Calculadora_V1/calcu_main.vhd Line: 104
Info (10041): Inferred latch for "operador[3]" at calcu_main.vhd(104) File: D:/Programas/intelFPGA_lite/Projects_Cyclone_IV/Calculadora_V1/calcu_main.vhd Line: 104
Info (10041): Inferred latch for "operador[4]" at calcu_main.vhd(104) File: D:/Programas/intelFPGA_lite/Projects_Cyclone_IV/Calculadora_V1/calcu_main.vhd Line: 104
Info (10041): Inferred latch for "operador[5]" at calcu_main.vhd(104) File: D:/Programas/intelFPGA_lite/Projects_Cyclone_IV/Calculadora_V1/calcu_main.vhd Line: 104
Info (10041): Inferred latch for "operador[6]" at calcu_main.vhd(104) File: D:/Programas/intelFPGA_lite/Projects_Cyclone_IV/Calculadora_V1/calcu_main.vhd Line: 104
Info (10041): Inferred latch for "operador[7]" at calcu_main.vhd(104) File: D:/Programas/intelFPGA_lite/Projects_Cyclone_IV/Calculadora_V1/calcu_main.vhd Line: 104
Info (10041): Inferred latch for "dato1[0]" at calcu_main.vhd(104) File: D:/Programas/intelFPGA_lite/Projects_Cyclone_IV/Calculadora_V1/calcu_main.vhd Line: 104
Info (10041): Inferred latch for "dato1[1]" at calcu_main.vhd(104) File: D:/Programas/intelFPGA_lite/Projects_Cyclone_IV/Calculadora_V1/calcu_main.vhd Line: 104
Info (10041): Inferred latch for "dato1[2]" at calcu_main.vhd(104) File: D:/Programas/intelFPGA_lite/Projects_Cyclone_IV/Calculadora_V1/calcu_main.vhd Line: 104
Info (10041): Inferred latch for "dato1[3]" at calcu_main.vhd(104) File: D:/Programas/intelFPGA_lite/Projects_Cyclone_IV/Calculadora_V1/calcu_main.vhd Line: 104
Info (10041): Inferred latch for "dato1[4]" at calcu_main.vhd(104) File: D:/Programas/intelFPGA_lite/Projects_Cyclone_IV/Calculadora_V1/calcu_main.vhd Line: 104
Info (10041): Inferred latch for "dato1[5]" at calcu_main.vhd(104) File: D:/Programas/intelFPGA_lite/Projects_Cyclone_IV/Calculadora_V1/calcu_main.vhd Line: 104
Info (10041): Inferred latch for "dato1[6]" at calcu_main.vhd(104) File: D:/Programas/intelFPGA_lite/Projects_Cyclone_IV/Calculadora_V1/calcu_main.vhd Line: 104
Info (10041): Inferred latch for "dato1[7]" at calcu_main.vhd(104) File: D:/Programas/intelFPGA_lite/Projects_Cyclone_IV/Calculadora_V1/calcu_main.vhd Line: 104
Info (12128): Elaborating entity "lcd16x2_ctrl" for hierarchy "lcd16x2_ctrl:DUT" File: D:/Programas/intelFPGA_lite/Projects_Cyclone_IV/Calculadora_V1/calcu_main.vhd Line: 75
Info (12128): Elaborating entity "clk_div" for hierarchy "clk_div:CLK10" File: D:/Programas/intelFPGA_lite/Projects_Cyclone_IV/Calculadora_V1/calcu_main.vhd Line: 91
Warning (10492): VHDL Process Statement warning at clk_div.vhd(15): signal "reset" is read inside the Process Statement but isn't in the Process Statement's sensitivity list File: D:/Programas/intelFPGA_lite/Projects_Cyclone_IV/Calculadora_V1/clk_div.vhd Line: 15
Info (12128): Elaborating entity "keyboard_in" for hierarchy "keyboard_in:KB" File: D:/Programas/intelFPGA_lite/Projects_Cyclone_IV/Calculadora_V1/calcu_main.vhd Line: 93
Info (12128): Elaborating entity "KeyToASCII" for hierarchy "keyboard_in:KB|KeyToASCII:OUT1" File: D:/Programas/intelFPGA_lite/Projects_Cyclone_IV/Calculadora_V1/keyboard_in.vhd Line: 94
Warning (13024): Output pins are stuck at VCC or GND
    Warning (13410): Pin "lcd_rw" is stuck at GND File: D:/Programas/intelFPGA_lite/Projects_Cyclone_IV/Calculadora_V1/calcu_main.vhd Line: 12
    Warning (13410): Pin "beep" is stuck at VCC File: D:/Programas/intelFPGA_lite/Projects_Cyclone_IV/Calculadora_V1/calcu_main.vhd Line: 19
Info (286030): Timing-Driven Synthesis is running
Info (16010): Generating hard_block partition "hard_block:auto_generated_inst"
    Info (16011): Adding 0 node(s), including 0 DDIO, 0 PLL, 0 transceiver and 0 LCELL
Info (21057): Implemented 383 device resources after synthesis - the final resource count might be different
    Info (21058): Implemented 6 input pins
    Info (21059): Implemented 9 output pins
    Info (21061): Implemented 368 logic cells
Info: Quartus Prime Analysis & Synthesis was successful. 0 errors, 35 warnings
    Info: Peak virtual memory: 4799 megabytes
    Info: Processing ended: Wed Apr 14 19:37:05 2021
    Info: Elapsed time: 00:00:11
    Info: Total CPU time (on all processors): 00:00:22


