Analysis & Synthesis report for LCD_P1
Mon Apr 12 21:47:05 2021
Quartus Prime Version 18.1.0 Build 625 09/12/2018 SJ Lite Edition


---------------------
; Table of Contents ;
---------------------
  1. Legal Notice
  2. Analysis & Synthesis Summary
  3. Analysis & Synthesis Settings
  4. Parallel Compilation
  5. Analysis & Synthesis Source Files Read
  6. Analysis & Synthesis Resource Usage Summary
  7. Analysis & Synthesis Resource Utilization by Entity
  8. State Machine - |calculadora|EntradasTeclado:KB|state_reg
  9. Registers Removed During Synthesis
 10. General Register Statistics
 11. Multiplexer Restructuring Statistics (Restructuring Performed)
 12. Source assignments for Top-level Entity: |calculadora
 13. Parameter Settings for User Entity Instance: Top-level Entity: |calculadora
 14. Parameter Settings for User Entity Instance: PROCESADOR_LCD4BITS_REVC:u1
 15. Port Connectivity Checks: "PROCESADOR_LCD4BITS_REVC:u1"
 16. Post-Synthesis Netlist Statistics for Top Partition
 17. Elapsed Time Per Partition
 18. Analysis & Synthesis Messages



----------------
; Legal Notice ;
----------------
Copyright (C) 2018  Intel Corporation. All rights reserved.
Your use of Intel Corporation's design tools, logic functions 
and other software and tools, and its AMPP partner logic 
functions, and any output files from any of the foregoing 
(including device programming or simulation files), and any 
associated documentation or information are expressly subject 
to the terms and conditions of the Intel Program License 
Subscription Agreement, the Intel Quartus Prime License Agreement,
the Intel FPGA IP License Agreement, or other applicable license
agreement, including, without limitation, that your use is for
the sole purpose of programming logic devices manufactured by
Intel and sold by Intel or its authorized distributors.  Please
refer to the applicable agreement for further details.



+----------------------------------------------------------------------------------+
; Analysis & Synthesis Summary                                                     ;
+------------------------------------+---------------------------------------------+
; Analysis & Synthesis Status        ; Successful - Mon Apr 12 21:47:05 2021       ;
; Quartus Prime Version              ; 18.1.0 Build 625 09/12/2018 SJ Lite Edition ;
; Revision Name                      ; LCD_P1                                      ;
; Top-level Entity Name              ; calculadora                                 ;
; Family                             ; Cyclone IV E                                ;
; Total logic elements               ; 592                                         ;
;     Total combinational functions  ; 570                                         ;
;     Dedicated logic registers      ; 106                                         ;
; Total registers                    ; 106                                         ;
; Total pins                         ; 22                                          ;
; Total virtual pins                 ; 0                                           ;
; Total memory bits                  ; 0                                           ;
; Embedded Multiplier 9-bit elements ; 0                                           ;
; Total PLLs                         ; 0                                           ;
+------------------------------------+---------------------------------------------+


+------------------------------------------------------------------------------------------------------------+
; Analysis & Synthesis Settings                                                                              ;
+------------------------------------------------------------------+--------------------+--------------------+
; Option                                                           ; Setting            ; Default Value      ;
+------------------------------------------------------------------+--------------------+--------------------+
; Device                                                           ; EP4CE6E22C8        ;                    ;
; Top-level entity name                                            ; calculadora        ; LCD_P1             ;
; Family name                                                      ; Cyclone IV E       ; Cyclone V          ;
; Use smart compilation                                            ; Off                ; Off                ;
; Enable parallel Assembler and Timing Analyzer during compilation ; On                 ; On                 ;
; Enable compact report table                                      ; Off                ; Off                ;
; Restructure Multiplexers                                         ; Auto               ; Auto               ;
; Create Debugging Nodes for IP Cores                              ; Off                ; Off                ;
; Preserve fewer node names                                        ; On                 ; On                 ;
; Intel FPGA IP Evaluation Mode                                    ; Enable             ; Enable             ;
; Verilog Version                                                  ; Verilog_2001       ; Verilog_2001       ;
; VHDL Version                                                     ; VHDL_1993          ; VHDL_1993          ;
; State Machine Processing                                         ; Auto               ; Auto               ;
; Safe State Machine                                               ; Off                ; Off                ;
; Extract Verilog State Machines                                   ; On                 ; On                 ;
; Extract VHDL State Machines                                      ; On                 ; On                 ;
; Ignore Verilog initial constructs                                ; Off                ; Off                ;
; Iteration limit for constant Verilog loops                       ; 5000               ; 5000               ;
; Iteration limit for non-constant Verilog loops                   ; 250                ; 250                ;
; Add Pass-Through Logic to Inferred RAMs                          ; On                 ; On                 ;
; Infer RAMs from Raw Logic                                        ; On                 ; On                 ;
; Parallel Synthesis                                               ; On                 ; On                 ;
; DSP Block Balancing                                              ; Auto               ; Auto               ;
; NOT Gate Push-Back                                               ; On                 ; On                 ;
; Power-Up Don't Care                                              ; On                 ; On                 ;
; Remove Redundant Logic Cells                                     ; Off                ; Off                ;
; Remove Duplicate Registers                                       ; On                 ; On                 ;
; Ignore CARRY Buffers                                             ; Off                ; Off                ;
; Ignore CASCADE Buffers                                           ; Off                ; Off                ;
; Ignore GLOBAL Buffers                                            ; Off                ; Off                ;
; Ignore ROW GLOBAL Buffers                                        ; Off                ; Off                ;
; Ignore LCELL Buffers                                             ; Off                ; Off                ;
; Ignore SOFT Buffers                                              ; On                 ; On                 ;
; Limit AHDL Integers to 32 Bits                                   ; Off                ; Off                ;
; Optimization Technique                                           ; Balanced           ; Balanced           ;
; Carry Chain Length                                               ; 70                 ; 70                 ;
; Auto Carry Chains                                                ; On                 ; On                 ;
; Auto Open-Drain Pins                                             ; On                 ; On                 ;
; Perform WYSIWYG Primitive Resynthesis                            ; Off                ; Off                ;
; Auto ROM Replacement                                             ; On                 ; On                 ;
; Auto RAM Replacement                                             ; On                 ; On                 ;
; Auto DSP Block Replacement                                       ; On                 ; On                 ;
; Auto Shift Register Replacement                                  ; Auto               ; Auto               ;
; Allow Shift Register Merging across Hierarchies                  ; Auto               ; Auto               ;
; Auto Clock Enable Replacement                                    ; On                 ; On                 ;
; Strict RAM Replacement                                           ; Off                ; Off                ;
; Allow Synchronous Control Signals                                ; On                 ; On                 ;
; Force Use of Synchronous Clear Signals                           ; Off                ; Off                ;
; Auto RAM Block Balancing                                         ; On                 ; On                 ;
; Auto RAM to Logic Cell Conversion                                ; Off                ; Off                ;
; Auto Resource Sharing                                            ; Off                ; Off                ;
; Allow Any RAM Size For Recognition                               ; Off                ; Off                ;
; Allow Any ROM Size For Recognition                               ; Off                ; Off                ;
; Allow Any Shift Register Size For Recognition                    ; Off                ; Off                ;
; Use LogicLock Constraints during Resource Balancing              ; On                 ; On                 ;
; Ignore translate_off and synthesis_off directives                ; Off                ; Off                ;
; Timing-Driven Synthesis                                          ; On                 ; On                 ;
; Report Parameter Settings                                        ; On                 ; On                 ;
; Report Source Assignments                                        ; On                 ; On                 ;
; Report Connectivity Checks                                       ; On                 ; On                 ;
; Ignore Maximum Fan-Out Assignments                               ; Off                ; Off                ;
; Synchronization Register Chain Length                            ; 2                  ; 2                  ;
; Power Optimization During Synthesis                              ; Normal compilation ; Normal compilation ;
; HDL message level                                                ; Level2             ; Level2             ;
; Suppress Register Optimization Related Messages                  ; Off                ; Off                ;
; Number of Removed Registers Reported in Synthesis Report         ; 5000               ; 5000               ;
; Number of Swept Nodes Reported in Synthesis Report               ; 5000               ; 5000               ;
; Number of Inverted Registers Reported in Synthesis Report        ; 100                ; 100                ;
; Clock MUX Protection                                             ; On                 ; On                 ;
; Auto Gated Clock Conversion                                      ; Off                ; Off                ;
; Block Design Naming                                              ; Auto               ; Auto               ;
; SDC constraint protection                                        ; Off                ; Off                ;
; Synthesis Effort                                                 ; Auto               ; Auto               ;
; Shift Register Replacement - Allow Asynchronous Clear Signal     ; On                 ; On                 ;
; Pre-Mapping Resynthesis Optimization                             ; Off                ; Off                ;
; Analysis & Synthesis Message Level                               ; Medium             ; Medium             ;
; Disable Register Merging Across Hierarchies                      ; Auto               ; Auto               ;
; Resource Aware Inference For Block RAM                           ; On                 ; On                 ;
+------------------------------------------------------------------+--------------------+--------------------+


+------------------------------------------+
; Parallel Compilation                     ;
+----------------------------+-------------+
; Processors                 ; Number      ;
+----------------------------+-------------+
; Number detected on machine ; 12          ;
; Maximum allowed            ; 6           ;
;                            ;             ;
; Average used               ; 1.00        ;
; Maximum used               ; 6           ;
;                            ;             ;
; Usage by Processor         ; % Time Used ;
;     Processor 1            ; 100.0%      ;
;     Processor 2            ;   0.0%      ;
;     Processor 3            ;   0.0%      ;
;     Processor 4            ;   0.0%      ;
;     Processor 5            ;   0.0%      ;
;     Processor 6            ;   0.0%      ;
+----------------------------+-------------+


+---------------------------------------------------------------------------------------------------------------------------------------------------------------------------------+
; Analysis & Synthesis Source Files Read                                                                                                                                          ;
+----------------------------------+-----------------+-----------------------+------------------------------------------------------------------------------------------+---------+
; File Name with User-Entered Path ; Used in Netlist ; File Type             ; File Name with Absolute Path                                                             ; Library ;
+----------------------------------+-----------------+-----------------------+------------------------------------------------------------------------------------------+---------+
; COMANDOS_LCD4BITS_REVC.vhd       ; yes             ; User VHDL File        ; D:/Programas/intelFPGA_lite/Projects_Cyclone_IV/Pruebas_LCD/COMANDOS_LCD4BITS_REVC.vhd   ;         ;
; calculadora.vhd                  ; yes             ; User VHDL File        ; D:/Programas/intelFPGA_lite/Projects_Cyclone_IV/Pruebas_LCD/calculadora.vhd              ;         ;
; EntradasTeclado.vhd              ; yes             ; User VHDL File        ; D:/Programas/intelFPGA_lite/Projects_Cyclone_IV/Pruebas_LCD/EntradasTeclado.vhd          ;         ;
; KeyToASCII.vhd                   ; yes             ; User VHDL File        ; D:/Programas/intelFPGA_lite/Projects_Cyclone_IV/Pruebas_LCD/KeyToASCII.vhd               ;         ;
; procesador_lcd4bits_revc.vhd     ; yes             ; Auto-Found VHDL File  ; D:/Programas/intelFPGA_lite/Projects_Cyclone_IV/Pruebas_LCD/procesador_lcd4bits_revc.vhd ;         ;
+----------------------------------+-----------------+-----------------------+------------------------------------------------------------------------------------------+---------+


+----------------------------------------------------------------------------------+
; Analysis & Synthesis Resource Usage Summary                                      ;
+---------------------------------------------+------------------------------------+
; Resource                                    ; Usage                              ;
+---------------------------------------------+------------------------------------+
; Estimated Total logic elements              ; 592                                ;
;                                             ;                                    ;
; Total combinational functions               ; 570                                ;
; Logic element usage by number of LUT inputs ;                                    ;
;     -- 4 input functions                    ; 359                                ;
;     -- 3 input functions                    ; 112                                ;
;     -- <=2 input functions                  ; 99                                 ;
;                                             ;                                    ;
; Logic elements by mode                      ;                                    ;
;     -- normal mode                          ; 504                                ;
;     -- arithmetic mode                      ; 66                                 ;
;                                             ;                                    ;
; Total registers                             ; 106                                ;
;     -- Dedicated logic registers            ; 106                                ;
;     -- I/O registers                        ; 0                                  ;
;                                             ;                                    ;
; I/O pins                                    ; 22                                 ;
;                                             ;                                    ;
; Embedded Multiplier 9-bit elements          ; 0                                  ;
;                                             ;                                    ;
; Maximum fan-out node                        ; PROCESADOR_LCD4BITS_REVC:u1|edo[3] ;
; Maximum fan-out                             ; 112                                ;
; Total fan-out                               ; 2370                               ;
; Average fan-out                             ; 3.29                               ;
+---------------------------------------------+------------------------------------+


+--------------------------------------------------------------------------------------------------------------------------------------------------------------------------------------------------------------------------------------------------+
; Analysis & Synthesis Resource Utilization by Entity                                                                                                                                                                                              ;
+----------------------------------+---------------------+---------------------------+-------------+--------------+---------+-----------+------+--------------+------------------------------------------+--------------------------+--------------+
; Compilation Hierarchy Node       ; Combinational ALUTs ; Dedicated Logic Registers ; Memory Bits ; DSP Elements ; DSP 9x9 ; DSP 18x18 ; Pins ; Virtual Pins ; Full Hierarchy Name                      ; Entity Name              ; Library Name ;
+----------------------------------+---------------------+---------------------------+-------------+--------------+---------+-----------+------+--------------+------------------------------------------+--------------------------+--------------+
; |calculadora                     ; 570 (14)            ; 106 (0)                   ; 0           ; 0            ; 0       ; 0         ; 22   ; 0            ; |calculadora                             ; calculadora              ; work         ;
;    |EntradasTeclado:KB|          ; 20 (20)             ; 26 (26)                   ; 0           ; 0            ; 0       ; 0         ; 0    ; 0            ; |calculadora|EntradasTeclado:KB          ; EntradasTeclado          ; work         ;
;    |PROCESADOR_LCD4BITS_REVC:u1| ; 536 (536)           ; 80 (80)                   ; 0           ; 0            ; 0       ; 0         ; 0    ; 0            ; |calculadora|PROCESADOR_LCD4BITS_REVC:u1 ; PROCESADOR_LCD4BITS_REVC ; work         ;
+----------------------------------+---------------------+---------------------------+-------------+--------------+---------+-----------+------+--------------+------------------------------------------+--------------------------+--------------+
Note: For table entries with two numbers listed, the numbers in parentheses indicate the number of resources of the given type used by the specific entity alone. The numbers listed outside of parentheses indicate the total resources of the given type used by the specific entity and all of its sub-entities in the hierarchy.


Encoding Type:  One-Hot
+------------------------------------------------------------------+
; State Machine - |calculadora|EntradasTeclado:KB|state_reg        ;
+----------------+----------------+---------------+----------------+
; Name           ; state_reg.load ; state_reg.dps ; state_reg.idle ;
+----------------+----------------+---------------+----------------+
; state_reg.idle ; 0              ; 0             ; 0              ;
; state_reg.dps  ; 0              ; 1             ; 1              ;
; state_reg.load ; 1              ; 0             ; 1              ;
+----------------+----------------+---------------+----------------+


+-------------------------------------------------------------------------------------------------------------------------+
; Registers Removed During Synthesis                                                                                      ;
+---------------------------------------------------------------+---------------------------------------------------------+
; Register name                                                 ; Reason for Removal                                      ;
+---------------------------------------------------------------+---------------------------------------------------------+
; PROCESADOR_LCD4BITS_REVC:u1|vec_l_ram[3..7]                   ; Stuck at GND due to stuck port data_in                  ;
; PROCESADOR_LCD4BITS_REVC:u1|vec_c_char[0..39]                 ; Stuck at GND due to stuck port data_in                  ;
; PROCESADOR_LCD4BITS_REVC:u1|vec_ram[0..2,7]                   ; Stuck at GND due to stuck port data_in                  ;
; PROCESADOR_LCD4BITS_REVC:u1|RW                                ; Stuck at GND due to stuck port data_in                  ;
; PROCESADOR_LCD4BITS_REVC:u1|ciclo_enable[1,4..6,8..12,14..16] ; Stuck at GND due to stuck port data_in                  ;
; PROCESADOR_LCD4BITS_REVC:u1|ciclo_enable[13]                  ; Merged with PROCESADOR_LCD4BITS_REVC:u1|ciclo_enable[7] ;
; PROCESADOR_LCD4BITS_REVC:u1|ciclo_enable[7]                   ; Merged with PROCESADOR_LCD4BITS_REVC:u1|ciclo_enable[3] ;
; PROCESADOR_LCD4BITS_REVC:u1|ciclo_enable[3]                   ; Merged with PROCESADOR_LCD4BITS_REVC:u1|ciclo_enable[2] ;
; PROCESADOR_LCD4BITS_REVC:u1|ciclo_enable[2]                   ; Merged with PROCESADOR_LCD4BITS_REVC:u1|ciclo_enable[0] ;
; Total Number of Removed Registers = 66                        ;                                                         ;
+---------------------------------------------------------------+---------------------------------------------------------+


+------------------------------------------------------+
; General Register Statistics                          ;
+----------------------------------------------+-------+
; Statistic                                    ; Value ;
+----------------------------------------------+-------+
; Total registers                              ; 106   ;
; Number of registers using Synchronous Clear  ; 40    ;
; Number of registers using Synchronous Load   ; 7     ;
; Number of registers using Asynchronous Clear ; 26    ;
; Number of registers using Asynchronous Load  ; 0     ;
; Number of registers using Clock Enable       ; 74    ;
; Number of registers using Preset             ; 0     ;
+----------------------------------------------+-------+


+------------------------------------------------------------------------------------------------------------------------------------------------------------------------+
; Multiplexer Restructuring Statistics (Restructuring Performed)                                                                                                         ;
+--------------------+-----------+---------------+----------------------+------------------------+------------+----------------------------------------------------------+
; Multiplexer Inputs ; Bus Width ; Baseline Area ; Area if Restructured ; Saving if Restructured ; Registered ; Example Multiplexer Output                               ;
+--------------------+-----------+---------------+----------------------+------------------------+------------+----------------------------------------------------------+
; 3:1                ; 3 bits    ; 6 LEs         ; 3 LEs                ; 3 LEs                  ; Yes        ; |calculadora|PROCESADOR_LCD4BITS_REVC:u1|dir_mem_s[2]    ;
; 5:1                ; 10 bits   ; 30 LEs        ; 0 LEs                ; 30 LEs                 ; Yes        ; |calculadora|EntradasTeclado:KB|b_reg[10]                ;
; 5:1                ; 4 bits    ; 12 LEs        ; 4 LEs                ; 8 LEs                  ; Yes        ; |calculadora|EntradasTeclado:KB|n_reg[3]                 ;
; 128:1              ; 19 bits   ; 1615 LEs      ; 171 LEs              ; 1444 LEs               ; Yes        ; |calculadora|PROCESADOR_LCD4BITS_REVC:u1|RS              ;
; 8:1                ; 23 bits   ; 115 LEs       ; 23 LEs               ; 92 LEs                 ; Yes        ; |calculadora|PROCESADOR_LCD4BITS_REVC:u1|conta_delay[19] ;
; 9:1                ; 5 bits    ; 30 LEs        ; 20 LEs               ; 10 LEs                 ; Yes        ; |calculadora|PROCESADOR_LCD4BITS_REVC:u1|data_s[6]       ;
; 9:1                ; 3 bits    ; 18 LEs        ; 15 LEs               ; 3 LEs                  ; Yes        ; |calculadora|PROCESADOR_LCD4BITS_REVC:u1|vec_ram[5]      ;
; 9:1                ; 3 bits    ; 18 LEs        ; 15 LEs               ; 3 LEs                  ; Yes        ; |calculadora|PROCESADOR_LCD4BITS_REVC:u1|vec_l_ram[1]    ;
; 7:1                ; 8 bits    ; 32 LEs        ; 32 LEs               ; 0 LEs                  ; No         ; |calculadora|Mux2                                        ;
+--------------------+-----------+---------------+----------------------+------------------------+------------+----------------------------------------------------------+


+-------------------------------------------------------+
; Source assignments for Top-level Entity: |calculadora ;
+------------+---------+------+-------------------------+
; Assignment ; Value   ; From ; To                      ;
+------------+---------+------+-------------------------+
; LOCATION   ; Pin_68  ; -    ; DATA_LCD[3]             ;
; LOCATION   ; Pin_66  ; -    ; DATA_LCD[2]             ;
; LOCATION   ; Pin_64  ; -    ; DATA_LCD[1]             ;
; LOCATION   ; Pin_59  ; -    ; DATA_LCD[0]             ;
; LOCATION   ; Pin_128 ; -    ; dout[7]                 ;
; LOCATION   ; Pin_121 ; -    ; dout[6]                 ;
; LOCATION   ; Pin_125 ; -    ; dout[5]                 ;
; LOCATION   ; Pin_129 ; -    ; dout[4]                 ;
; LOCATION   ; Pin_132 ; -    ; dout[3]                 ;
; LOCATION   ; Pin_126 ; -    ; dout[2]                 ;
; LOCATION   ; Pin_124 ; -    ; dout[1]                 ;
; LOCATION   ; Pin_127 ; -    ; dout[0]                 ;
; LOCATION   ; Pin_23  ; -    ; CLK                     ;
; LOCATION   ; Pin_38  ; -    ; RS                      ;
; LOCATION   ; Pin_42  ; -    ; RW                      ;
; LOCATION   ; Pin_44  ; -    ; ENA                     ;
; LOCATION   ; Pin_133 ; -    ; digit1                  ;
; LOCATION   ; Pin_88  ; -    ; reset                   ;
; LOCATION   ; Pin_120 ; -    ; ps2d                    ;
; LOCATION   ; Pin_119 ; -    ; ps2c                    ;
; LOCATION   ; Pin_91  ; -    ; rx_en                   ;
; LOCATION   ; Pin_84  ; -    ; rx_done_tick            ;
+------------+---------+------+-------------------------+


+-----------------------------------------------------------------------------+
; Parameter Settings for User Entity Instance: Top-level Entity: |calculadora ;
+----------------+----------+-------------------------------------------------+
; Parameter Name ; Value    ; Type                                            ;
+----------------+----------+-------------------------------------------------+
; FPGA_CLK       ; 50000000 ; Signed Integer                                  ;
+----------------+----------+-------------------------------------------------+
Note: In order to hide this table in the UI and the text report file, please set the "Show Parameter Settings in Synthesis Report" option in "Analysis and Synthesis Settings -> More Settings" to "Off".


+--------------------------------------------------------------------------+
; Parameter Settings for User Entity Instance: PROCESADOR_LCD4BITS_REVC:u1 ;
+----------------+----------+----------------------------------------------+
; Parameter Name ; Value    ; Type                                         ;
+----------------+----------+----------------------------------------------+
; fpga_clk       ; 50000000 ; Signed Integer                               ;
; num_inst       ; 6        ; Signed Integer                               ;
+----------------+----------+----------------------------------------------+
Note: In order to hide this table in the UI and the text report file, please set the "Show Parameter Settings in Synthesis Report" option in "Analysis and Synthesis Settings -> More Settings" to "Off".


+------------------------------------------------------------------------------------------------------------------+
; Port Connectivity Checks: "PROCESADOR_LCD4BITS_REVC:u1"                                                          ;
+--------+--------+----------+-------------------------------------------------------------------------------------+
; Port   ; Type   ; Severity ; Details                                                                             ;
+--------+--------+----------+-------------------------------------------------------------------------------------+
; c1a    ; Input  ; Info     ; Stuck at GND                                                                        ;
; c2a    ; Input  ; Info     ; Stuck at GND                                                                        ;
; c3a    ; Input  ; Info     ; Stuck at GND                                                                        ;
; c4a    ; Input  ; Info     ; Stuck at GND                                                                        ;
; c5a    ; Input  ; Info     ; Stuck at GND                                                                        ;
; c6a    ; Input  ; Info     ; Stuck at GND                                                                        ;
; c7a    ; Input  ; Info     ; Stuck at GND                                                                        ;
; c8a    ; Input  ; Info     ; Stuck at GND                                                                        ;
; bd_lcd ; Output ; Info     ; Connected to dangling logic. Logic that only feeds a dangling port will be removed. ;
+--------+--------+----------+-------------------------------------------------------------------------------------+


+-----------------------------------------------------+
; Post-Synthesis Netlist Statistics for Top Partition ;
+-----------------------+-----------------------------+
; Type                  ; Count                       ;
+-----------------------+-----------------------------+
; boundary_port         ; 22                          ;
; cycloneiii_ff         ; 106                         ;
;     CLR               ; 16                          ;
;     ENA               ; 17                          ;
;     ENA CLR           ; 10                          ;
;     ENA SCLR          ; 40                          ;
;     ENA SLD           ; 7                           ;
;     plain             ; 16                          ;
; cycloneiii_lcell_comb ; 572                         ;
;     arith             ; 66                          ;
;         2 data inputs ; 58                          ;
;         3 data inputs ; 8                           ;
;     normal            ; 506                         ;
;         0 data inputs ; 1                           ;
;         1 data inputs ; 3                           ;
;         2 data inputs ; 39                          ;
;         3 data inputs ; 104                         ;
;         4 data inputs ; 359                         ;
;                       ;                             ;
; Max LUT depth         ; 10.00                       ;
; Average LUT depth     ; 5.57                        ;
+-----------------------+-----------------------------+


+-------------------------------+
; Elapsed Time Per Partition    ;
+----------------+--------------+
; Partition Name ; Elapsed Time ;
+----------------+--------------+
; Top            ; 00:00:03     ;
+----------------+--------------+


+-------------------------------+
; Analysis & Synthesis Messages ;
+-------------------------------+
Info: *******************************************************************
Info: Running Quartus Prime Analysis & Synthesis
    Info: Version 18.1.0 Build 625 09/12/2018 SJ Lite Edition
    Info: Processing started: Mon Apr 12 21:46:52 2021
Info: Command: quartus_map --read_settings_files=on --write_settings_files=off LCD_P1 -c LCD_P1
Warning (18236): Number of processors has not been specified which may cause overloading on shared machines.  Set the global assignment NUM_PARALLEL_PROCESSORS in your QSF to an appropriate value for best performance.
Info (20030): Parallel compilation is enabled and will use 6 of the 6 processors detected
Info (12021): Found 2 design units, including 0 entities, in source file comandos_lcd4bits_revc.vhd
    Info (12022): Found design unit 1: COMANDOS_LCD4BITS_REVC File: D:/Programas/intelFPGA_lite/Projects_Cyclone_IV/Pruebas_LCD/COMANDOS_LCD4BITS_REVC.vhd Line: 10
    Info (12022): Found design unit 2: COMANDOS_LCD4BITS_REVC-body File: D:/Programas/intelFPGA_lite/Projects_Cyclone_IV/Pruebas_LCD/COMANDOS_LCD4BITS_REVC.vhd Line: 46
Info (12021): Found 2 design units, including 1 entities, in source file calculadora.vhd
    Info (12022): Found design unit 1: calculadora-Behavioral File: D:/Programas/intelFPGA_lite/Projects_Cyclone_IV/Pruebas_LCD/calculadora.vhd Line: 28
    Info (12023): Found entity 1: calculadora File: D:/Programas/intelFPGA_lite/Projects_Cyclone_IV/Pruebas_LCD/calculadora.vhd Line: 7
Info (12021): Found 3 design units, including 1 entities, in source file entradasteclado.vhd
    Info (12022): Found design unit 1: EntradasTeclado-arch File: D:/Programas/intelFPGA_lite/Projects_Cyclone_IV/Pruebas_LCD/EntradasTeclado.vhd Line: 17
    Info (12022): Found design unit 2: EntradasTeclado_package File: D:/Programas/intelFPGA_lite/Projects_Cyclone_IV/Pruebas_LCD/EntradasTeclado.vhd Line: 112
    Info (12023): Found entity 1: EntradasTeclado File: D:/Programas/intelFPGA_lite/Projects_Cyclone_IV/Pruebas_LCD/EntradasTeclado.vhd Line: 7
Info (12021): Found 3 design units, including 1 entities, in source file keytoascii.vhd
    Info (12022): Found design unit 1: KeyToASCII-arch File: D:/Programas/intelFPGA_lite/Projects_Cyclone_IV/Pruebas_LCD/KeyToASCII.vhd Line: 10
    Info (12022): Found design unit 2: KeyToASCII_package File: D:/Programas/intelFPGA_lite/Projects_Cyclone_IV/Pruebas_LCD/KeyToASCII.vhd Line: 76
    Info (12023): Found entity 1: KeyToASCII File: D:/Programas/intelFPGA_lite/Projects_Cyclone_IV/Pruebas_LCD/KeyToASCII.vhd Line: 5
Info (12127): Elaborating entity "calculadora" for the top level hierarchy
Warning (10036): Verilog HDL or VHDL warning at calculadora.vhd(70): object "blcd" assigned a value but never read File: D:/Programas/intelFPGA_lite/Projects_Cyclone_IV/Pruebas_LCD/calculadora.vhd Line: 70
Warning (10540): VHDL Signal Declaration warning at calculadora.vhd(72): used explicit default value for signal "c1s" because signal was never assigned a value File: D:/Programas/intelFPGA_lite/Projects_Cyclone_IV/Pruebas_LCD/calculadora.vhd Line: 72
Warning (10540): VHDL Signal Declaration warning at calculadora.vhd(72): used explicit default value for signal "c2s" because signal was never assigned a value File: D:/Programas/intelFPGA_lite/Projects_Cyclone_IV/Pruebas_LCD/calculadora.vhd Line: 72
Warning (10540): VHDL Signal Declaration warning at calculadora.vhd(72): used explicit default value for signal "c3s" because signal was never assigned a value File: D:/Programas/intelFPGA_lite/Projects_Cyclone_IV/Pruebas_LCD/calculadora.vhd Line: 72
Warning (10540): VHDL Signal Declaration warning at calculadora.vhd(72): used explicit default value for signal "c4s" because signal was never assigned a value File: D:/Programas/intelFPGA_lite/Projects_Cyclone_IV/Pruebas_LCD/calculadora.vhd Line: 72
Warning (10540): VHDL Signal Declaration warning at calculadora.vhd(73): used explicit default value for signal "c5s" because signal was never assigned a value File: D:/Programas/intelFPGA_lite/Projects_Cyclone_IV/Pruebas_LCD/calculadora.vhd Line: 73
Warning (10540): VHDL Signal Declaration warning at calculadora.vhd(73): used explicit default value for signal "c6s" because signal was never assigned a value File: D:/Programas/intelFPGA_lite/Projects_Cyclone_IV/Pruebas_LCD/calculadora.vhd Line: 73
Warning (10540): VHDL Signal Declaration warning at calculadora.vhd(73): used explicit default value for signal "c7s" because signal was never assigned a value File: D:/Programas/intelFPGA_lite/Projects_Cyclone_IV/Pruebas_LCD/calculadora.vhd Line: 73
Warning (10540): VHDL Signal Declaration warning at calculadora.vhd(73): used explicit default value for signal "c8s" because signal was never assigned a value File: D:/Programas/intelFPGA_lite/Projects_Cyclone_IV/Pruebas_LCD/calculadora.vhd Line: 73
Warning (10540): VHDL Signal Declaration warning at calculadora.vhd(83): used explicit default value for signal "fila" because signal was never assigned a value File: D:/Programas/intelFPGA_lite/Projects_Cyclone_IV/Pruebas_LCD/calculadora.vhd Line: 83
Warning (10540): VHDL Signal Declaration warning at calculadora.vhd(84): used explicit default value for signal "columna" because signal was never assigned a value File: D:/Programas/intelFPGA_lite/Projects_Cyclone_IV/Pruebas_LCD/calculadora.vhd Line: 84
Warning (12125): Using design file procesador_lcd4bits_revc.vhd, which is not specified as a design file for the current project, but contains definitions for 2 design units and 1 entities in project
    Info (12022): Found design unit 1: PROCESADOR_LCD4BITS_REVC-Behavioral File: D:/Programas/intelFPGA_lite/Projects_Cyclone_IV/Pruebas_LCD/procesador_lcd4bits_revc.vhd Line: 31
    Info (12023): Found entity 1: PROCESADOR_LCD4BITS_REVC File: D:/Programas/intelFPGA_lite/Projects_Cyclone_IV/Pruebas_LCD/procesador_lcd4bits_revc.vhd Line: 10
Info (12128): Elaborating entity "PROCESADOR_LCD4BITS_REVC" for hierarchy "PROCESADOR_LCD4BITS_REVC:u1" File: D:/Programas/intelFPGA_lite/Projects_Cyclone_IV/Pruebas_LCD/calculadora.vhd Line: 121
Info (12128): Elaborating entity "EntradasTeclado" for hierarchy "EntradasTeclado:KB" File: D:/Programas/intelFPGA_lite/Projects_Cyclone_IV/Pruebas_LCD/calculadora.vhd Line: 133
Warning (13024): Output pins are stuck at VCC or GND
    Warning (13410): Pin "RW" is stuck at GND File: D:/Programas/intelFPGA_lite/Projects_Cyclone_IV/Pruebas_LCD/calculadora.vhd Line: 14
    Warning (13410): Pin "digit1" is stuck at GND File: D:/Programas/intelFPGA_lite/Projects_Cyclone_IV/Pruebas_LCD/calculadora.vhd Line: 19
Info (286030): Timing-Driven Synthesis is running
Info (16010): Generating hard_block partition "hard_block:auto_generated_inst"
    Info (16011): Adding 0 node(s), including 0 DDIO, 0 PLL, 0 transceiver and 0 LCELL
Info (21057): Implemented 617 device resources after synthesis - the final resource count might be different
    Info (21058): Implemented 5 input pins
    Info (21059): Implemented 17 output pins
    Info (21061): Implemented 595 logic cells
Info: Quartus Prime Analysis & Synthesis was successful. 0 errors, 16 warnings
    Info: Peak virtual memory: 4811 megabytes
    Info: Processing ended: Mon Apr 12 21:47:05 2021
    Info: Elapsed time: 00:00:13
    Info: Total CPU time (on all processors): 00:00:24


